Determining if the pthread_create exist failed with the following output:
Change Dir: /home/s111p03/catkin_ws/build/CMakeFiles/CMakeTmp

Run Build Command:"/usr/bin/make" "cmTC_37a3e/fast"
/usr/bin/make -f CMakeFiles/cmTC_37a3e.dir/build.make CMakeFiles/cmTC_37a3e.dir/build
make[1] : on entre dans le répertoire « /home/s111p03/catkin_ws/build/CMakeFiles/CMakeTmp »
Building C object CMakeFiles/cmTC_37a3e.dir/CheckSymbolExists.c.o
/usr/bin/cc    -o CMakeFiles/cmTC_37a3e.dir/CheckSymbolExists.c.o   -c /home/s111p03/catkin_ws/build/CMakeFiles/CMakeTmp/CheckSymbolExists.c
Linking C executable cmTC_37a3e
/usr/bin/cmake -E cmake_link_script CMakeFiles/cmTC_37a3e.dir/link.txt --verbose=1
/usr/bin/cc      -rdynamic CMakeFiles/cmTC_37a3e.dir/CheckSymbolExists.c.o  -o cmTC_37a3e 
CMakeFiles/cmTC_37a3e.dir/CheckSymbolExists.c.o : Dans la fonction « main » :
CheckSymbolExists.c:(.text+0x1b) : référence indéfinie vers « pthread_create »
collect2: error: ld returned 1 exit status
CMakeFiles/cmTC_37a3e.dir/build.make:97: recipe for target 'cmTC_37a3e' failed
make[1]: *** [cmTC_37a3e] Error 1
make[1] : on quitte le répertoire « /home/s111p03/catkin_ws/build/CMakeFiles/CMakeTmp »
Makefile:126: recipe for target 'cmTC_37a3e/fast' failed
make: *** [cmTC_37a3e/fast] Error 2

File /home/s111p03/catkin_ws/build/CMakeFiles/CMakeTmp/CheckSymbolExists.c:
/* */
#include <pthread.h>

int main(int argc, char** argv)
{
  (void)argv;
#ifndef pthread_create
  return ((int*)(&pthread_create))[argc];
#else
  (void)argc;
  return 0;
#endif
}

Determining if the function pthread_create exists in the pthreads failed with the following output:
Change Dir: /home/s111p03/catkin_ws/build/CMakeFiles/CMakeTmp

Run Build Command:"/usr/bin/make" "cmTC_74db1/fast"
/usr/bin/make -f CMakeFiles/cmTC_74db1.dir/build.make CMakeFiles/cmTC_74db1.dir/build
make[1] : on entre dans le répertoire « /home/s111p03/catkin_ws/build/CMakeFiles/CMakeTmp »
Building C object CMakeFiles/cmTC_74db1.dir/CheckFunctionExists.c.o
/usr/bin/cc   -DCHECK_FUNCTION_EXISTS=pthread_create   -o CMakeFiles/cmTC_74db1.dir/CheckFunctionExists.c.o   -c /usr/share/cmake-3.10/Modules/CheckFunctionExists.c
Linking C executable cmTC_74db1
/usr/bin/cmake -E cmake_link_script CMakeFiles/cmTC_74db1.dir/link.txt --verbose=1
/usr/bin/cc  -DCHECK_FUNCTION_EXISTS=pthread_create    -rdynamic CMakeFiles/cmTC_74db1.dir/CheckFunctionExists.c.o  -o cmTC_74db1 -lpthreads 
/usr/bin/ld : ne peut trouver -lpthreads
collect2: error: ld returned 1 exit status
CMakeFiles/cmTC_74db1.dir/build.make:97: recipe for target 'cmTC_74db1' failed
make[1]: *** [cmTC_74db1] Error 1
make[1] : on quitte le répertoire « /home/s111p03/catkin_ws/build/CMakeFiles/CMakeTmp »
Makefile:126: recipe for target 'cmTC_74db1/fast' failed
make: *** [cmTC_74db1/fast] Error 2


